<?xml version="1.0" encoding="UTF-8"?>
<testsuite xmlns:xsi="http://www.w3.org/2001/XMLSchema-instance" xsi:noNamespaceSchemaLocation="https://maven.apache.org/surefire/maven-surefire-plugin/xsd/surefire-test-report-3.0.xsd" version="3.0" name="Teste classe ListaUtil" time="0.049" tests="22" errors="0" skipped="0" failures="0">
  <properties>
    <property name="sun.desktop" value="gnome"/>
    <property name="awt.toolkit" value="sun.awt.X11.XToolkit"/>
    <property name="java.specification.version" value="11"/>
    <property name="file.encoding.pkg" value="sun.io"/>
    <property name="jdk.extensions.version" value="11.0.11.0"/>
    <property name="sun.jnu.encoding" value="UTF-8"/>
    <property name="java.class.path" value="/home/aluno/Downloads/projeto-lista-desafio-incompleto-atualizado/target/test-classes:/home/aluno/Downloads/projeto-lista-desafio-incompleto-atualizado/target/classes:/home/aluno/.m2/repository/org/junit/jupiter/junit-jupiter-api/5.6.0/junit-jupiter-api-5.6.0.jar:/home/aluno/.m2/repository/org/apiguardian/apiguardian-api/1.1.0/apiguardian-api-1.1.0.jar:/home/aluno/.m2/repository/org/opentest4j/opentest4j/1.2.0/opentest4j-1.2.0.jar:/home/aluno/.m2/repository/org/junit/platform/junit-platform-commons/1.6.0/junit-platform-commons-1.6.0.jar:/home/aluno/.m2/repository/org/junit/jupiter/junit-jupiter-params/5.6.0/junit-jupiter-params-5.6.0.jar:/home/aluno/.m2/repository/org/junit/jupiter/junit-jupiter-engine/5.6.0/junit-jupiter-engine-5.6.0.jar:/home/aluno/.m2/repository/org/junit/platform/junit-platform-engine/1.6.0/junit-platform-engine-1.6.0.jar:"/>
    <property name="java.vm.vendor" value="Eclipse OpenJ9"/>
    <property name="sun.arch.data.model" value="64"/>
    <property name="com.ibm.vm.bitmode" value="64"/>
    <property name="user.variant" value=""/>
    <property name="com.ibm.oti.vm.library.version" value="29"/>
    <property name="java.vendor.url" value="https://adoptopenjdk.net/"/>
    <property name="user.timezone" value=""/>
    <property name="java.vm.specification.version" value="11"/>
    <property name="os.name" value="Linux"/>
    <property name="sun.java.launcher" value="SUN_STANDARD"/>
    <property name="user.country" value="BR"/>
    <property name="sun.boot.library.path" value="/home/aluno/.sdkman/candidates/java/11.0.11.j9-adpt/lib/default:/home/aluno/.sdkman/candidates/java/11.0.11.j9-adpt/lib"/>
    <property name="sun.java.command" value="/home/aluno/Downloads/projeto-lista-desafio-incompleto-atualizado/target/surefire/surefirebooter11331794444494001403.jar /home/aluno/Downloads/projeto-lista-desafio-incompleto-atualizado/target/surefire 2022-09-28T14-33-08_315-jvmRun1 surefire7849274816891782184tmp surefire_013468294411035590116tmp"/>
    <property name="surefire.test.class.path" value="/home/aluno/Downloads/projeto-lista-desafio-incompleto-atualizado/target/test-classes:/home/aluno/Downloads/projeto-lista-desafio-incompleto-atualizado/target/classes:/home/aluno/.m2/repository/org/junit/jupiter/junit-jupiter-api/5.6.0/junit-jupiter-api-5.6.0.jar:/home/aluno/.m2/repository/org/apiguardian/apiguardian-api/1.1.0/apiguardian-api-1.1.0.jar:/home/aluno/.m2/repository/org/opentest4j/opentest4j/1.2.0/opentest4j-1.2.0.jar:/home/aluno/.m2/repository/org/junit/platform/junit-platform-commons/1.6.0/junit-platform-commons-1.6.0.jar:/home/aluno/.m2/repository/org/junit/jupiter/junit-jupiter-params/5.6.0/junit-jupiter-params-5.6.0.jar:/home/aluno/.m2/repository/org/junit/jupiter/junit-jupiter-engine/5.6.0/junit-jupiter-engine-5.6.0.jar:/home/aluno/.m2/repository/org/junit/platform/junit-platform-engine/1.6.0/junit-platform-engine-1.6.0.jar:"/>
    <property name="sun.cpu.endian" value="little"/>
    <property name="user.home" value="/home/aluno"/>
    <property name="user.language" value="pt"/>
    <property name="java.specification.vendor" value="Oracle Corporation"/>
    <property name="java.version.date" value="2021-04-20"/>
    <property name="java.home" value="/home/aluno/.sdkman/candidates/java/11.0.11.j9-adpt"/>
    <property name="ibm.signalhandling.rs" value="false"/>
    <property name="jdk.extensions.name" value="Extensions for OpenJDK for Eclipse OpenJ9"/>
    <property name="file.separator" value="/"/>
    <property name="basedir" value="/home/aluno/Downloads/projeto-lista-desafio-incompleto-atualizado"/>
    <property name="line.separator" value="&#10;"/>
    <property name="java.specification.name" value="Java Platform API Specification"/>
    <property name="java.vm.specification.vendor" value="Oracle Corporation"/>
    <property name="java.compiler" value="j9jit29"/>
    <property name="com.ibm.util.extralibs.properties" value=""/>
    <property name="sun.java.launcher.pid" value="15349"/>
    <property name="java.awt.graphicsenv" value="sun.awt.X11GraphicsEnvironment"/>
    <property name="com.ibm.oti.configuration" value="scar"/>
    <property name="java.awt.fonts" value=""/>
    <property name="surefire.real.class.path" value="/home/aluno/Downloads/projeto-lista-desafio-incompleto-atualizado/target/surefire/surefirebooter11331794444494001403.jar"/>
    <property name="com.ibm.oti.shared.enabled" value="false"/>
    <property name="com.ibm.oti.vm.bootstrap.library.path" value="/home/aluno/.sdkman/candidates/java/11.0.11.j9-adpt/lib/default:/home/aluno/.sdkman/candidates/java/11.0.11.j9-adpt/lib"/>
    <property name="com.ibm.cpu.endian" value="little"/>
    <property name="java.fullversion" value="11.0.11+9&#10;JRE 11 Linux amd64-64-Bit Compressed References 20210421_975 (JIT enabled, AOT enabled)&#10;OpenJ9   - b4cc246d9&#10;OMR      - 162e6f729&#10;JCL      - 7796c80419 based on jdk-11.0.11+9"/>
    <property name="java.runtime.version" value="11.0.11+9"/>
    <property name="user.name" value="aluno"/>
    <property name="path.separator" value=":"/>
    <property name="os.version" value="5.13.0-25-generic"/>
    <property name="java.runtime.name" value="OpenJDK Runtime Environment"/>
    <property name="ibm.signalhandling.sigint" value="true"/>
    <property name="file.encoding" value="UTF-8"/>
    <property name="java.vm.name" value="Eclipse OpenJ9 VM"/>
    <property name="java.vendor.version" value="AdoptOpenJDK-11.0.11+9"/>
    <property name="ibm.signalhandling.sigchain" value="true"/>
    <property name="maven.ext.class.path" value="/opt/netbeans/java/maven-nblib/netbeans-eventspy.jar"/>
    <property name="localRepository" value="/home/aluno/.m2/repository"/>
    <property name="java.vendor.url.bug" value="https://github.com/AdoptOpenJDK/openjdk-support/issues"/>
    <property name="java.io.tmpdir" value="/tmp"/>
    <property name="java.version" value="11.0.11"/>
    <property name="com.ibm.system.agent.path" value="/home/aluno/.sdkman/candidates/java/11.0.11.j9-adpt/lib"/>
    <property name="user.dir" value="/home/aluno/Downloads/projeto-lista-desafio-incompleto-atualizado"/>
    <property name="os.arch" value="amd64"/>
    <property name="java.vm.specification.name" value="Java Virtual Machine Specification"/>
    <property name="java.awt.printerjob" value="sun.print.PSPrinterJob"/>
    <property name="os.encoding" value="UTF-8"/>
    <property name="java.library.path" value="/home/aluno/.sdkman/candidates/java/11.0.11.j9-adpt/lib/default:/home/aluno/.sdkman/candidates/java/11.0.11.j9-adpt/lib:/usr/lib64:/usr/lib"/>
    <property name="java.vm.info" value="JRE 11 Linux amd64-64-Bit Compressed References 20210421_975 (JIT enabled, AOT enabled)&#10;OpenJ9   - b4cc246d9&#10;OMR      - 162e6f729&#10;JCL      - 7796c80419 based on jdk-11.0.11+9"/>
    <property name="java.vendor" value="AdoptOpenJDK"/>
    <property name="java.vm.version" value="openj9-0.26.0"/>
    <property name="com.ibm.jcl.checkClassPath" value=""/>
    <property name="ibm.system.encoding" value="UTF-8"/>
    <property name="sun.io.unicode.encoding" value="UnicodeLittle"/>
    <property name="java.class.version" value="55.0"/>
  </properties>
  <testcase name="add(): Quando adicionado valor null não altera o tamanho da lista" classname="Teste classe ListaUtil" time="0.017"/>
  <testcase name="count(): Quando a lista possuir 3 valores retorna 3" classname="Teste classe ListaUtil" time="0.001"/>
  <testcase name="hasDuplicidade(): Quando a lista não possuir valores duplicados deve retornar false" classname="Teste classe ListaUtil" time="0.001"/>
  <testcase name="countPares(): Quando a lista possuir 3 valores pares retorna 3" classname="Teste classe ListaUtil" time="0.001"/>
  <testcase name="getMenor(): Quando a lista estiver vazia deve retornar 0" classname="Teste classe ListaUtil" time="0.001"/>
  <testcase name="remove(): Quando passado um valor que existe na lista o valor deve ser removido" classname="Teste classe ListaUtil" time="0.001"/>
  <testcase name="getMaior(): Quando a lista estiver vazia deve retornar 0" classname="Teste classe ListaUtil" time="0.001"/>
  <testcase name="somar(): Quando a lista possuir valores 30, 10 e 2 deve retornar a soma correta (42)" classname="Teste classe ListaUtil" time="0.001"/>
  <testcase name="somar(): Quando a lista possuir valores 20, 10, 50, 17 e 2 deve retornar a soma correta (99)" classname="Teste classe ListaUtil" time="0.001"/>
  <testcase name="add(): Quando adicionado valores positivos e negativos aumenta o tamanho da lista" classname="Teste classe ListaUtil" time="0.001"/>
  <testcase name="countImpares(): Quando a lista possuir 3 valores ímpares retorna 3" classname="Teste classe ListaUtil" time="0.001"/>
  <testcase name="hasDuplicidade(): Quando a lista possuir valores duplicados deve retornar true" classname="Teste classe ListaUtil" time="0.001"/>
  <testcase name="getMenor(): Quando a lista possuir valores deve retornar o menor" classname="Teste classe ListaUtil" time="0.001"/>
  <testcase name="remove(): Quando passado um valor que não existe, não altera o tamanho da lista" classname="Teste classe ListaUtil" time="0.001"/>
  <testcase name="count(): Quando a lista estiver vazia deve retornar 0" classname="Teste classe ListaUtil" time="0.001"/>
  <testcase name="somar(): Quando a lista estiver vazia deve retornar 0" classname="Teste classe ListaUtil" time="0"/>
  <testcase name="countPares(): Quando a lista estiver vazia retorna 0" classname="Teste classe ListaUtil" time="0"/>
  <testcase name="countImpares(): Quando a lista estiver vazia retorna 0" classname="Teste classe ListaUtil" time="0"/>
  <testcase name="countPares(): Quando a lista possuir 6 valores pares retorna 6" classname="Teste classe ListaUtil" time="0"/>
  <testcase name="hasDuplicidade(): Quando a lista estiver vazia deve retornar false" classname="Teste classe ListaUtil" time="0"/>
  <testcase name="remove(): Quando remover um valor null não altera o tamanho da lista" classname="Teste classe ListaUtil" time="0"/>
  <testcase name="getMaior(): Quando a lista possuir valores deve retornar o maior" classname="Teste classe ListaUtil" time="0.001"/>
</testsuite>