<?xml version="1.0" encoding="UTF-8"?>
<testsuite xmlns:xsi="http://www.w3.org/2001/XMLSchema-instance" xsi:noNamespaceSchemaLocation="https://maven.apache.org/surefire/maven-surefire-plugin/xsd/surefire-test-report-3.0.xsd" version="3.0" name="school.sptech.projeto1.heranca.CarrinhoTest" time="0.064" tests="16" errors="0" skipped="0" failures="0">
  <properties>
    <property name="java.specification.version" value="18"/>
    <property name="sun.cpu.isalist" value="amd64"/>
    <property name="sun.jnu.encoding" value="Cp1252"/>
    <property name="java.class.path" value="C:\Users\Maria\Downloads\02221000-mariaeduarda-prova2\02221000-mariaeduarda-prova2\target\test-classes;C:\Users\Maria\Downloads\02221000-mariaeduarda-prova2\02221000-mariaeduarda-prova2\target\classes;C:\Users\Maria\.m2\repository\org\apache\commons\commons-lang3\3.12.0\commons-lang3-3.12.0.jar;C:\Users\Maria\.m2\repository\org\junit\jupiter\junit-jupiter-api\5.9.0\junit-jupiter-api-5.9.0.jar;C:\Users\Maria\.m2\repository\org\opentest4j\opentest4j\1.2.0\opentest4j-1.2.0.jar;C:\Users\Maria\.m2\repository\org\junit\platform\junit-platform-commons\1.9.0\junit-platform-commons-1.9.0.jar;C:\Users\Maria\.m2\repository\org\apiguardian\apiguardian-api\1.1.2\apiguardian-api-1.1.2.jar;C:\Users\Maria\.m2\repository\org\junit\jupiter\junit-jupiter-params\5.9.0\junit-jupiter-params-5.9.0.jar;C:\Users\Maria\.m2\repository\org\junit\jupiter\junit-jupiter-engine\5.9.0\junit-jupiter-engine-5.9.0.jar;C:\Users\Maria\.m2\repository\org\junit\platform\junit-platform-engine\1.9.0\junit-platform-engine-1.9.0.jar;"/>
    <property name="java.vm.vendor" value="Oracle Corporation"/>
    <property name="sun.arch.data.model" value="64"/>
    <property name="user.variant" value=""/>
    <property name="java.vendor.url" value="https://java.oracle.com/"/>
    <property name="user.timezone" value="America/Sao_Paulo"/>
    <property name="os.name" value="Windows 11"/>
    <property name="java.vm.specification.version" value="18"/>
    <property name="user.country" value="BR"/>
    <property name="sun.java.launcher" value="SUN_STANDARD"/>
    <property name="sun.boot.library.path" value="C:\Program Files\Java\jdk-18.0.2\bin"/>
    <property name="sun.java.command" value="C:\Users\Maria\AppData\Local\Temp\surefire5877714809067098511\surefirebooter10054597914032682506.jar C:\Users\Maria\AppData\Local\Temp\surefire5877714809067098511 2022-11-15T18-59-59_959-jvmRun1 surefire4125016444823964147tmp surefire_014871001367433099458tmp"/>
    <property name="jdk.debug" value="release"/>
    <property name="surefire.test.class.path" value="C:\Users\Maria\Downloads\02221000-mariaeduarda-prova2\02221000-mariaeduarda-prova2\target\test-classes;C:\Users\Maria\Downloads\02221000-mariaeduarda-prova2\02221000-mariaeduarda-prova2\target\classes;C:\Users\Maria\.m2\repository\org\apache\commons\commons-lang3\3.12.0\commons-lang3-3.12.0.jar;C:\Users\Maria\.m2\repository\org\junit\jupiter\junit-jupiter-api\5.9.0\junit-jupiter-api-5.9.0.jar;C:\Users\Maria\.m2\repository\org\opentest4j\opentest4j\1.2.0\opentest4j-1.2.0.jar;C:\Users\Maria\.m2\repository\org\junit\platform\junit-platform-commons\1.9.0\junit-platform-commons-1.9.0.jar;C:\Users\Maria\.m2\repository\org\apiguardian\apiguardian-api\1.1.2\apiguardian-api-1.1.2.jar;C:\Users\Maria\.m2\repository\org\junit\jupiter\junit-jupiter-params\5.9.0\junit-jupiter-params-5.9.0.jar;C:\Users\Maria\.m2\repository\org\junit\jupiter\junit-jupiter-engine\5.9.0\junit-jupiter-engine-5.9.0.jar;C:\Users\Maria\.m2\repository\org\junit\platform\junit-platform-engine\1.9.0\junit-platform-engine-1.9.0.jar;"/>
    <property name="sun.cpu.endian" value="little"/>
    <property name="user.home" value="C:\Users\Maria"/>
    <property name="user.language" value="pt"/>
    <property name="java.specification.vendor" value="Oracle Corporation"/>
    <property name="java.version.date" value="2022-07-19"/>
    <property name="java.home" value="C:\Program Files\Java\jdk-18.0.2"/>
    <property name="file.separator" value="\"/>
    <property name="basedir" value="C:\Users\Maria\Downloads\02221000-mariaeduarda-prova2\02221000-mariaeduarda-prova2"/>
    <property name="java.vm.compressedOopsMode" value="Zero based"/>
    <property name="line.separator" value="&#10;"/>
    <property name="java.vm.specification.vendor" value="Oracle Corporation"/>
    <property name="java.specification.name" value="Java Platform API Specification"/>
    <property name="surefire.real.class.path" value="C:\Users\Maria\AppData\Local\Temp\surefire5877714809067098511\surefirebooter10054597914032682506.jar"/>
    <property name="user.script" value=""/>
    <property name="sun.management.compiler" value="HotSpot 64-Bit Tiered Compilers"/>
    <property name="java.runtime.version" value="18.0.2+9-61"/>
    <property name="user.name" value="Maria"/>
    <property name="path.separator" value=";"/>
    <property name="os.version" value="10.0"/>
    <property name="java.runtime.name" value="Java(TM) SE Runtime Environment"/>
    <property name="file.encoding" value="UTF-8"/>
    <property name="java.vm.name" value="Java HotSpot(TM) 64-Bit Server VM"/>
    <property name="maven.ext.class.path" value="C:\Program Files\NetBeans-14\netbeans\java\maven-nblib\netbeans-eventspy.jar"/>
    <property name="localRepository" value="C:\Users\Maria\.m2\repository"/>
    <property name="java.vendor.url.bug" value="https://bugreport.java.com/bugreport/"/>
    <property name="java.io.tmpdir" value="C:\Users\Maria\AppData\Local\Temp\"/>
    <property name="java.version" value="18.0.2"/>
    <property name="user.dir" value="C:\Users\Maria\Downloads\02221000-mariaeduarda-prova2\02221000-mariaeduarda-prova2"/>
    <property name="os.arch" value="amd64"/>
    <property name="java.vm.specification.name" value="Java Virtual Machine Specification"/>
    <property name="sun.os.patch.level" value=""/>
    <property name="native.encoding" value="Cp1252"/>
    <property name="java.library.path" value="C:\Program Files\Java\jdk-18.0.2\bin;C:\WINDOWS\Sun\Java\bin;C:\WINDOWS\system32;C:\WINDOWS;C:\ActiveTcl\bin;C:\Program Files\Common Files\Oracle\Java\javapath;C:\Program Files (x86)\Common Files\Oracle\Java\javapath;C:\Program Files (x86)\Common Files\Intel\Shared Libraries\redist\intel64\compiler;C:\Program Files (x86)\NVIDIA Corporation\PhysX\Common;C:\WINDOWS\system32;C:\WINDOWS;C:\WINDOWS\System32\Wbem;C:\WINDOWS\System32\WindowsPowerShell\v1.0\;C:\WINDOWS\System32\OpenSSH\;C:\Program Files\Microsoft SQL Server\130\Tools\Binn\;C:\Program Files\Microsoft SQL Server\Client SDK\ODBC\170\Tools\Binn\;C:\Program Files (x86)\Microsoft SQL Server\150\Tools\Binn\;C:\Program Files\Microsoft SQL Server\150\Tools\Binn\;C:\Program Files\Microsoft SQL Server\150\DTS\Binn\;C:\Program Files\Git\cmd;C:\Program Files\nodejs\;C:\Program Files\MySQL\MySQL Shell 8.0\bin\;C:\Users\Maria\AppData\Local\Programs\Python\Python310\Scripts\;C:\Users\Maria\AppData\Local\Programs\Python\Python310\;C:\Users\Maria\AppData\Local\Microsoft\WindowsApps;C:\Users\Maria\AppData\Local\Programs\Microsoft VS Code\bin;C:\Users\Maria\AppData\Roaming\npm;."/>
    <property name="java.vm.info" value="mixed mode, sharing"/>
    <property name="java.vendor" value="Oracle Corporation"/>
    <property name="java.vm.version" value="18.0.2+9-61"/>
    <property name="sun.io.unicode.encoding" value="UnicodeLittle"/>
    <property name="java.class.version" value="62.0"/>
  </properties>
  <testcase name="removerProduto(): dado um valor inválido não deve lançar um erro" classname="school.sptech.projeto1.heranca.CarrinhoTest" time="0.022"/>
  <testcase name="adicionarProduto(): dado um valor válido deve adicionar o produto no carrinho" classname="school.sptech.projeto1.heranca.CarrinhoTest" time="0.002"/>
  <testcase name="adicionarProduto(): dado um valor inválido não deve adicionar o produto no carrinho" classname="school.sptech.projeto1.heranca.CarrinhoTest" time="0.001"/>
  <testcase name="findProdutoPeloNome(): quando nome inválido deve retornar null" classname="school.sptech.projeto1.heranca.CarrinhoTest" time="0.002"/>
  <testcase name="findProdutoPeloIndice(): quando índice inválido deve retornar null" classname="school.sptech.projeto1.heranca.CarrinhoTest" time="0"/>
  <testcase name="findProdutoPeloNome(): quando nome válido caixa baixa deve retornar o produto encontrado" classname="school.sptech.projeto1.heranca.CarrinhoTest" time="0.001"/>
  <testcase name="removerProduto(): dado um valor válido deve remover o produto da lista" classname="school.sptech.projeto1.heranca.CarrinhoTest" time="0.001"/>
  <testcase name="parcelarCompra(): deve calcular o valor de cada parcela dependendo da quantidade selecionada" classname="school.sptech.projeto1.heranca.CarrinhoTest" time="0.001"/>
  <testcase name="countProdutosInternacionais(): deve retornar a quantidade de produtos internacionais no carrinho - Cenário 1" classname="school.sptech.projeto1.heranca.CarrinhoTest" time="0.001"/>
  <testcase name="findProdutoPorCategoria(): quando categoria inválida deve retornar uma lista vazia" classname="school.sptech.projeto1.heranca.CarrinhoTest" time="0.001"/>
  <testcase name="findProdutoPeloIndice(): quando índice válido deve retornar o produto encontrado" classname="school.sptech.projeto1.heranca.CarrinhoTest" time="0.001"/>
  <testcase name="findProdutoPorCategoria(): quando categoria válida e em caixa alta deve retornar todos os produtos encontrados" classname="school.sptech.projeto1.heranca.CarrinhoTest" time="0.001"/>
  <testcase name="findProdutoPeloNome(): quando nome válido deve retornar o produto encontrado" classname="school.sptech.projeto1.heranca.CarrinhoTest" time="0"/>
  <testcase name="calcularTotal(): deve calcular o valor de todos os itens do carrinho" classname="school.sptech.projeto1.heranca.CarrinhoTest" time="0.001"/>
  <testcase name="findProdutoPorCategoria(): quando categoria válida deve retornar todos os produtos encontrados" classname="school.sptech.projeto1.heranca.CarrinhoTest" time="0.001"/>
  <testcase name="countProdutosInternacionais(): deve retornar a quantidade de produtos internacionais no carrinho - Cenário 2" classname="school.sptech.projeto1.heranca.CarrinhoTest" time="0.001"/>
</testsuite>